mode: set
github.com/rmisiarek/hohein/client.go:19.41,40.2 3 0
github.com/rmisiarek/hohein/client.go:42.74,44.16 2 0
github.com/rmisiarek/hohein/client.go:48.2,49.16 2 0
github.com/rmisiarek/hohein/client.go:52.2,54.52 2 0
github.com/rmisiarek/hohein/client.go:58.2,58.19 1 0
github.com/rmisiarek/hohein/client.go:44.16,46.3 1 0
github.com/rmisiarek/hohein/client.go:49.16,51.3 1 0
github.com/rmisiarek/hohein/client.go:54.52,56.3 1 0
github.com/rmisiarek/hohein/client.go:61.81,63.16 2 0
github.com/rmisiarek/hohein/client.go:67.2,70.16 3 0
github.com/rmisiarek/hohein/client.go:73.2,82.51 8 0
github.com/rmisiarek/hohein/client.go:89.2,100.20 2 0
github.com/rmisiarek/hohein/client.go:63.16,65.3 1 0
github.com/rmisiarek/hohein/client.go:70.16,72.3 1 0
github.com/rmisiarek/hohein/client.go:82.51,84.17 2 0
github.com/rmisiarek/hohein/client.go:84.17,86.4 1 0
github.com/rmisiarek/hohein/client.go:103.58,105.16 2 0
github.com/rmisiarek/hohein/client.go:109.2,112.17 3 0
github.com/rmisiarek/hohein/client.go:105.16,107.3 1 0
github.com/rmisiarek/hohein/client.go:115.50,118.16 3 0
github.com/rmisiarek/hohein/client.go:124.2,124.17 1 0
github.com/rmisiarek/hohein/client.go:118.16,120.3 1 0
github.com/rmisiarek/hohein/client.go:120.8,122.3 1 0
github.com/rmisiarek/hohein/client.go:127.78,130.16 3 0
github.com/rmisiarek/hohein/client.go:134.2,134.64 1 0
github.com/rmisiarek/hohein/client.go:138.2,138.11 1 0
github.com/rmisiarek/hohein/client.go:130.16,132.3 1 0
github.com/rmisiarek/hohein/client.go:134.64,136.3 1 0
github.com/rmisiarek/hohein/client.go:141.65,145.32 3 1
github.com/rmisiarek/hohein/client.go:152.2,152.24 1 1
github.com/rmisiarek/hohein/client.go:145.32,147.26 2 1
github.com/rmisiarek/hohein/client.go:147.26,149.4 1 1
github.com/rmisiarek/hohein/client.go:155.82,157.33 2 1
github.com/rmisiarek/hohein/client.go:162.2,162.18 1 1
github.com/rmisiarek/hohein/client.go:157.33,158.30 1 1
github.com/rmisiarek/hohein/client.go:158.30,160.4 1 1
github.com/rmisiarek/hohein/client.go:165.85,167.31 2 1
github.com/rmisiarek/hohein/client.go:172.2,172.18 1 1
github.com/rmisiarek/hohein/client.go:167.31,168.31 1 1
github.com/rmisiarek/hohein/client.go:168.31,170.4 1 1
github.com/rmisiarek/hohein/client.go:175.38,176.22 1 0
github.com/rmisiarek/hohein/client.go:181.2,181.14 1 0
github.com/rmisiarek/hohein/client.go:176.22,177.13 1 0
github.com/rmisiarek/hohein/client.go:177.13,179.4 1 0
github.com/rmisiarek/hohein/client.go:184.44,185.22 1 1
github.com/rmisiarek/hohein/client.go:190.2,190.14 1 0
github.com/rmisiarek/hohein/client.go:185.22,186.13 1 1
github.com/rmisiarek/hohein/client.go:186.13,188.4 1 1
github.com/rmisiarek/hohein/main.go:8.13,19.16 4 0
github.com/rmisiarek/hohein/main.go:23.2,23.27 1 0
github.com/rmisiarek/hohein/main.go:19.16,21.3 1 0
